nohup: ignoring input
[main e2cbdde] Auto-commit: 2025-07-28 10:47:25
 Committer: root <root@srv926145.hstgr.cloud>
Your name and email address were configured automatically based
on your username and hostname. Please check that they are accurate.
You can suppress this message by setting them explicitly. Run the
following command and follow the instructions in your editor to edit
your configuration file:

    git config --global --edit

After doing this, you may fix the identity used for this commit with:

    git commit --amend --reset-author

 2 files changed, 17 insertions(+)
 create mode 100755 auto-sync.sh
 create mode 100644 sync.log
Missing or invalid credentials.
Error: connect ENOENT /run/user/0/vscode-git-541ba02e08.sock
    at PipeConnectWrap.afterConnect [as oncomplete] (node:net:1636:16) {
  errno: -2,
  code: 'ENOENT',
  syscall: 'connect',
  address: '/run/user/0/vscode-git-541ba02e08.sock'
}
Missing or invalid credentials.
Error: connect ENOENT /run/user/0/vscode-git-541ba02e08.sock
    at PipeConnectWrap.afterConnect [as oncomplete] (node:net:1636:16) {
  errno: -2,
  code: 'ENOENT',
  syscall: 'connect',
  address: '/run/user/0/vscode-git-541ba02e08.sock'
}
remote: No anonymous write access.
fatal: Authentication failed for 'https://github.com/leonardoandressc/VitalisApp.git/'
[Mon Jul 28 10:47:25 UTC 2025] Sincronizado con GitHub
[main d30485c] Auto-commit: 2025-07-28 10:52:26
 Committer: root <root@srv926145.hstgr.cloud>
Your name and email address were configured automatically based
on your username and hostname. Please check that they are accurate.
You can suppress this message by setting them explicitly. Run the
following command and follow the instructions in your editor to edit
your configuration file:

    git config --global --edit

After doing this, you may fix the identity used for this commit with:

    git commit --amend --reset-author

 1 file changed, 36 insertions(+)
Missing or invalid credentials.
Error: connect ENOENT /run/user/0/vscode-git-541ba02e08.sock
    at PipeConnectWrap.afterConnect [as oncomplete] (node:net:1636:16) {
  errno: -2,
  code: 'ENOENT',
  syscall: 'connect',
  address: '/run/user/0/vscode-git-541ba02e08.sock'
}
Missing or invalid credentials.
Error: connect ENOENT /run/user/0/vscode-git-541ba02e08.sock
    at PipeConnectWrap.afterConnect [as oncomplete] (node:net:1636:16) {
  errno: -2,
  code: 'ENOENT',
  syscall: 'connect',
  address: '/run/user/0/vscode-git-541ba02e08.sock'
}
remote: No anonymous write access.
fatal: Authentication failed for 'https://github.com/leonardoandressc/VitalisApp.git/'
[Mon Jul 28 10:52:26 UTC 2025] Sincronizado con GitHub
[main 1bd5e16] Auto-commit: 2025-07-28 10:57:26
 Committer: root <root@srv926145.hstgr.cloud>
Your name and email address were configured automatically based
on your username and hostname. Please check that they are accurate.
You can suppress this message by setting them explicitly. Run the
following command and follow the instructions in your editor to edit
your configuration file:

    git config --global --edit

After doing this, you may fix the identity used for this commit with:

    git commit --amend --reset-author

 2 files changed, 35 insertions(+), 1 deletion(-)
Missing or invalid credentials.
Error: connect ENOENT /run/user/0/vscode-git-541ba02e08.sock
    at PipeConnectWrap.afterConnect [as oncomplete] (node:net:1636:16) {
  errno: -2,
  code: 'ENOENT',
  syscall: 'connect',
  address: '/run/user/0/vscode-git-541ba02e08.sock'
}
Missing or invalid credentials.
Error: connect ENOENT /run/user/0/vscode-git-541ba02e08.sock
    at PipeConnectWrap.afterConnect [as oncomplete] (node:net:1636:16) {
  errno: -2,
  code: 'ENOENT',
  syscall: 'connect',
  address: '/run/user/0/vscode-git-541ba02e08.sock'
}
remote: No anonymous write access.
fatal: Authentication failed for 'https://github.com/leonardoandressc/VitalisApp.git/'
[Mon Jul 28 10:57:26 UTC 2025] Sincronizado con GitHub
[main 460057d] Auto-commit: 2025-07-28 11:02:26
 Committer: root <root@srv926145.hstgr.cloud>
Your name and email address were configured automatically based
on your username and hostname. Please check that they are accurate.
You can suppress this message by setting them explicitly. Run the
following command and follow the instructions in your editor to edit
your configuration file:

    git config --global --edit

After doing this, you may fix the identity used for this commit with:

    git commit --amend --reset-author

 1 file changed, 34 insertions(+)
Missing or invalid credentials.
Error: connect ENOENT /run/user/0/vscode-git-541ba02e08.sock
    at PipeConnectWrap.afterConnect [as oncomplete] (node:net:1636:16) {
  errno: -2,
  code: 'ENOENT',
  syscall: 'connect',
  address: '/run/user/0/vscode-git-541ba02e08.sock'
}
Missing or invalid credentials.
Error: connect ENOENT /run/user/0/vscode-git-541ba02e08.sock
    at PipeConnectWrap.afterConnect [as oncomplete] (node:net:1636:16) {
  errno: -2,
  code: 'ENOENT',
  syscall: 'connect',
  address: '/run/user/0/vscode-git-541ba02e08.sock'
}
remote: No anonymous write access.
fatal: Authentication failed for 'https://github.com/leonardoandressc/VitalisApp.git/'
[Mon Jul 28 11:02:27 UTC 2025] Sincronizado con GitHub
[main f93daeb] Auto-commit: 2025-07-28 11:07:27
 Committer: root <root@srv926145.hstgr.cloud>
Your name and email address were configured automatically based
on your username and hostname. Please check that they are accurate.
You can suppress this message by setting them explicitly. Run the
following command and follow the instructions in your editor to edit
your configuration file:

    git config --global --edit

After doing this, you may fix the identity used for this commit with:

    git commit --amend --reset-author

 1 file changed, 34 insertions(+)
Missing or invalid credentials.
Error: connect ENOENT /run/user/0/vscode-git-541ba02e08.sock
    at PipeConnectWrap.afterConnect [as oncomplete] (node:net:1636:16) {
  errno: -2,
  code: 'ENOENT',
  syscall: 'connect',
  address: '/run/user/0/vscode-git-541ba02e08.sock'
}
Missing or invalid credentials.
Error: connect ENOENT /run/user/0/vscode-git-541ba02e08.sock
    at PipeConnectWrap.afterConnect [as oncomplete] (node:net:1636:16) {
  errno: -2,
  code: 'ENOENT',
  syscall: 'connect',
  address: '/run/user/0/vscode-git-541ba02e08.sock'
}
remote: No anonymous write access.
fatal: Authentication failed for 'https://github.com/leonardoandressc/VitalisApp.git/'
[Mon Jul 28 11:07:27 UTC 2025] Sincronizado con GitHub
[main 796d71c] Auto-commit: 2025-07-28 11:12:27
 Committer: root <root@srv926145.hstgr.cloud>
Your name and email address were configured automatically based
on your username and hostname. Please check that they are accurate.
You can suppress this message by setting them explicitly. Run the
following command and follow the instructions in your editor to edit
your configuration file:

    git config --global --edit

After doing this, you may fix the identity used for this commit with:

    git commit --amend --reset-author

 4 files changed, 34 insertions(+)
Missing or invalid credentials.
Error: connect ENOENT /run/user/0/vscode-git-541ba02e08.sock
    at PipeConnectWrap.afterConnect [as oncomplete] (node:net:1636:16) {
  errno: -2,
  code: 'ENOENT',
  syscall: 'connect',
  address: '/run/user/0/vscode-git-541ba02e08.sock'
}
Missing or invalid credentials.
Error: connect ENOENT /run/user/0/vscode-git-541ba02e08.sock
    at PipeConnectWrap.afterConnect [as oncomplete] (node:net:1636:16) {
  errno: -2,
  code: 'ENOENT',
  syscall: 'connect',
  address: '/run/user/0/vscode-git-541ba02e08.sock'
}
remote: No anonymous write access.
fatal: Authentication failed for 'https://github.com/leonardoandressc/VitalisApp.git/'
[Mon Jul 28 11:12:27 UTC 2025] Sincronizado con GitHub
[main 2ef582a] Auto-commit: 2025-07-28 11:17:27
 Committer: root <root@srv926145.hstgr.cloud>
Your name and email address were configured automatically based
on your username and hostname. Please check that they are accurate.
You can suppress this message by setting them explicitly. Run the
following command and follow the instructions in your editor to edit
your configuration file:

    git config --global --edit

After doing this, you may fix the identity used for this commit with:

    git commit --amend --reset-author

 7 files changed, 34 insertions(+)
Missing or invalid credentials.
Error: connect ENOENT /run/user/0/vscode-git-541ba02e08.sock
    at PipeConnectWrap.afterConnect [as oncomplete] (node:net:1636:16) {
  errno: -2,
  code: 'ENOENT',
  syscall: 'connect',
  address: '/run/user/0/vscode-git-541ba02e08.sock'
}
Missing or invalid credentials.
Error: connect ENOENT /run/user/0/vscode-git-541ba02e08.sock
    at PipeConnectWrap.afterConnect [as oncomplete] (node:net:1636:16) {
  errno: -2,
  code: 'ENOENT',
  syscall: 'connect',
  address: '/run/user/0/vscode-git-541ba02e08.sock'
}
remote: No anonymous write access.
fatal: Authentication failed for 'https://github.com/leonardoandressc/VitalisApp.git/'
[Mon Jul 28 11:17:28 UTC 2025] Sincronizado con GitHub
[main f310fea] Auto-commit: 2025-07-28 11:22:28
 Committer: root <root@srv926145.hstgr.cloud>
Your name and email address were configured automatically based
on your username and hostname. Please check that they are accurate.
You can suppress this message by setting them explicitly. Run the
following command and follow the instructions in your editor to edit
your configuration file:

    git config --global --edit

After doing this, you may fix the identity used for this commit with:

    git commit --amend --reset-author

 8 files changed, 34 insertions(+)
Missing or invalid credentials.
Error: connect ENOENT /run/user/0/vscode-git-541ba02e08.sock
    at PipeConnectWrap.afterConnect [as oncomplete] (node:net:1636:16) {
  errno: -2,
  code: 'ENOENT',
  syscall: 'connect',
  address: '/run/user/0/vscode-git-541ba02e08.sock'
}
Missing or invalid credentials.
Error: connect ENOENT /run/user/0/vscode-git-541ba02e08.sock
    at PipeConnectWrap.afterConnect [as oncomplete] (node:net:1636:16) {
  errno: -2,
  code: 'ENOENT',
  syscall: 'connect',
  address: '/run/user/0/vscode-git-541ba02e08.sock'
}
remote: No anonymous write access.
fatal: Authentication failed for 'https://github.com/leonardoandressc/VitalisApp.git/'
[Mon Jul 28 11:22:28 UTC 2025] Sincronizado con GitHub
